<?xml version="1.0" encoding="UTF-8"?>
<!-- Generated by org.testng.reporters.JUnitReportReporter -->
<testsuite skipped="1" hostname="HP" name="trello.testcases.testcase" tests="2" failures="0" timestamp="10 Aug 2020 11:40:54 GMT" time="49.120" errors="0">
  <testcase name="process" time="49.120" classname="trello.testcases.testcase"/>
  <testcase name="Applogin" classname="trello.testcases.testcase">
    <skipped/>
  </testcase> <!-- Applogin -->
</testsuite> <!-- trello.testcases.testcase -->
